{"message":"ENOENT: no such file or directory, access './config.json'","stack":"Error: ENOENT: no such file or directory, access './config.json'","errno":-2,"code":"ENOENT","syscall":"access","path":"./config.json","level":"warn","timestamp":"2017-03-04T21:59:56.006Z"}
{"message":"ENOENT: no such file or directory, access './config.json'","stack":"Error: ENOENT: no such file or directory, access './config.json'","errno":-2,"code":"ENOENT","syscall":"access","path":"./config.json","level":"warn","timestamp":"2017-03-04T21:59:56.008Z"}
{"message":"ENOENT: no such file or directory, access './config.json'","stack":"Error: ENOENT: no such file or directory, access './config.json'","errno":-2,"code":"ENOENT","syscall":"access","path":"./config.json","level":"warn","timestamp":"2017-03-04T21:59:58.766Z"}
{"message":"ENOENT: no such file or directory, access './config.json'","stack":"Error: ENOENT: no such file or directory, access './config.json'","errno":-2,"code":"ENOENT","syscall":"access","path":"./config.json","level":"warn","timestamp":"2017-03-04T21:59:58.768Z"}
{"level":"info","message":"The server is running at http://localhost:3000","timestamp":"2017-03-04T21:59:58.770Z"}
{"level":"info","message":"GET /","timestamp":"2017-03-04T22:00:04.902Z"}
{"level":"info","message":"200 /","timestamp":"2017-03-04T22:00:04.915Z"}
{"message":"ENOENT: no such file or directory, access './config.json'","stack":"Error: ENOENT: no such file or directory, access './config.json'","errno":-2,"code":"ENOENT","syscall":"access","path":"./config.json","level":"warn","timestamp":"2017-03-04T22:01:31.160Z"}
{"message":"ENOENT: no such file or directory, access './config.json'","stack":"Error: ENOENT: no such file or directory, access './config.json'","errno":-2,"code":"ENOENT","syscall":"access","path":"./config.json","level":"warn","timestamp":"2017-03-04T22:01:31.162Z"}
{"message":"ENOENT: no such file or directory, access './config.json'","stack":"Error: ENOENT: no such file or directory, access './config.json'","errno":-2,"code":"ENOENT","syscall":"access","path":"./config.json","level":"warn","timestamp":"2017-03-04T22:01:34.108Z"}
{"message":"ENOENT: no such file or directory, access './config.json'","stack":"Error: ENOENT: no such file or directory, access './config.json'","errno":-2,"code":"ENOENT","syscall":"access","path":"./config.json","level":"warn","timestamp":"2017-03-04T22:01:34.112Z"}
{"level":"info","message":"The server is running at http://localhost:3000","timestamp":"2017-03-04T22:01:34.116Z"}
{"level":"info","message":"GET /","timestamp":"2017-03-04T22:01:35.037Z"}
{"message":"ENOENT: no such file or directory, access './config.json'","stack":"Error: ENOENT: no such file or directory, access './config.json'","errno":-2,"code":"ENOENT","syscall":"access","path":"./config.json","level":"warn","timestamp":"2017-03-04T22:04:02.599Z"}
{"message":"ENOENT: no such file or directory, access './config.json'","stack":"Error: ENOENT: no such file or directory, access './config.json'","errno":-2,"code":"ENOENT","syscall":"access","path":"./config.json","level":"warn","timestamp":"2017-03-04T22:04:02.601Z"}
{"message":"ENOENT: no such file or directory, access './config.json'","stack":"Error: ENOENT: no such file or directory, access './config.json'","errno":-2,"code":"ENOENT","syscall":"access","path":"./config.json","level":"warn","timestamp":"2017-03-04T22:04:05.191Z"}
{"message":"ENOENT: no such file or directory, access './config.json'","stack":"Error: ENOENT: no such file or directory, access './config.json'","errno":-2,"code":"ENOENT","syscall":"access","path":"./config.json","level":"warn","timestamp":"2017-03-04T22:04:05.193Z"}
{"level":"info","message":"The server is running at http://localhost:3000","timestamp":"2017-03-04T22:04:05.196Z"}
{"level":"info","message":"GET /","timestamp":"2017-03-04T22:04:07.688Z"}
{"message":"ENOENT: no such file or directory, access './config.json'","stack":"Error: ENOENT: no such file or directory, access './config.json'","errno":-2,"code":"ENOENT","syscall":"access","path":"./config.json","level":"warn","timestamp":"2017-03-04T22:10:07.461Z"}
{"message":"ENOENT: no such file or directory, access './config.json'","stack":"Error: ENOENT: no such file or directory, access './config.json'","errno":-2,"code":"ENOENT","syscall":"access","path":"./config.json","level":"warn","timestamp":"2017-03-04T22:10:07.463Z"}
{"message":"ENOENT: no such file or directory, access './config.json'","stack":"Error: ENOENT: no such file or directory, access './config.json'","errno":-2,"code":"ENOENT","syscall":"access","path":"./config.json","level":"warn","timestamp":"2017-03-04T22:10:13.772Z"}
{"message":"ENOENT: no such file or directory, access './config.json'","stack":"Error: ENOENT: no such file or directory, access './config.json'","errno":-2,"code":"ENOENT","syscall":"access","path":"./config.json","level":"warn","timestamp":"2017-03-04T22:10:13.775Z"}
{"level":"info","message":"The server is running at http://localhost:3000","timestamp":"2017-03-04T22:10:13.778Z"}
{"level":"info","message":"GET /","timestamp":"2017-03-04T22:10:13.789Z"}
{"message":"ENOENT: no such file or directory, access './config.json'","stack":"Error: ENOENT: no such file or directory, access './config.json'","errno":-2,"code":"ENOENT","syscall":"access","path":"./config.json","level":"warn","timestamp":"2017-03-04T22:10:55.229Z"}
{"message":"ENOENT: no such file or directory, access './config.json'","stack":"Error: ENOENT: no such file or directory, access './config.json'","errno":-2,"code":"ENOENT","syscall":"access","path":"./config.json","level":"warn","timestamp":"2017-03-04T22:10:55.231Z"}
{"message":"ENOENT: no such file or directory, access './config.json'","stack":"Error: ENOENT: no such file or directory, access './config.json'","errno":-2,"code":"ENOENT","syscall":"access","path":"./config.json","level":"warn","timestamp":"2017-03-04T22:10:59.000Z"}
{"message":"ENOENT: no such file or directory, access './config.json'","stack":"Error: ENOENT: no such file or directory, access './config.json'","errno":-2,"code":"ENOENT","syscall":"access","path":"./config.json","level":"warn","timestamp":"2017-03-04T22:10:59.001Z"}
{"level":"info","message":"The server is running at http://localhost:3000","timestamp":"2017-03-04T22:10:59.004Z"}
{"level":"info","message":"GET /","timestamp":"2017-03-04T22:11:03.692Z"}
{"message":"ENOENT: no such file or directory, access './config.json'","stack":"Error: ENOENT: no such file or directory, access './config.json'","errno":-2,"code":"ENOENT","syscall":"access","path":"./config.json","level":"warn","timestamp":"2017-03-04T22:11:24.284Z"}
{"message":"ENOENT: no such file or directory, access './config.json'","stack":"Error: ENOENT: no such file or directory, access './config.json'","errno":-2,"code":"ENOENT","syscall":"access","path":"./config.json","level":"warn","timestamp":"2017-03-04T22:11:24.286Z"}
{"message":"ENOENT: no such file or directory, access './config.json'","stack":"Error: ENOENT: no such file or directory, access './config.json'","errno":-2,"code":"ENOENT","syscall":"access","path":"./config.json","level":"warn","timestamp":"2017-03-04T22:11:27.004Z"}
{"message":"ENOENT: no such file or directory, access './config.json'","stack":"Error: ENOENT: no such file or directory, access './config.json'","errno":-2,"code":"ENOENT","syscall":"access","path":"./config.json","level":"warn","timestamp":"2017-03-04T22:11:27.006Z"}
{"level":"info","message":"The server is running at http://localhost:3000","timestamp":"2017-03-04T22:11:27.009Z"}
{"level":"info","message":"GET /","timestamp":"2017-03-04T22:11:29.641Z"}
{"message":"ENOENT: no such file or directory, access './config.json'","stack":"Error: ENOENT: no such file or directory, access './config.json'","errno":-2,"code":"ENOENT","syscall":"access","path":"./config.json","level":"warn","timestamp":"2017-03-04T22:27:46.443Z"}
{"message":"ENOENT: no such file or directory, access './config.json'","stack":"Error: ENOENT: no such file or directory, access './config.json'","errno":-2,"code":"ENOENT","syscall":"access","path":"./config.json","level":"warn","timestamp":"2017-03-04T22:27:46.445Z"}
{"message":"ENOENT: no such file or directory, access './config.json'","stack":"Error: ENOENT: no such file or directory, access './config.json'","errno":-2,"code":"ENOENT","syscall":"access","path":"./config.json","level":"warn","timestamp":"2017-03-04T22:27:48.605Z"}
{"message":"ENOENT: no such file or directory, access './config.json'","stack":"Error: ENOENT: no such file or directory, access './config.json'","errno":-2,"code":"ENOENT","syscall":"access","path":"./config.json","level":"warn","timestamp":"2017-03-04T22:27:48.607Z"}
{"level":"info","message":"The server is running at http://localhost:3000","timestamp":"2017-03-04T22:27:48.609Z"}
{"level":"info","message":"GET /","timestamp":"2017-03-04T22:27:52.376Z"}
{"message":"ENOENT: no such file or directory, access './config.json'","stack":"Error: ENOENT: no such file or directory, access './config.json'","errno":-2,"code":"ENOENT","syscall":"access","path":"./config.json","level":"warn","timestamp":"2017-03-04T22:28:35.586Z"}
{"message":"ENOENT: no such file or directory, access './config.json'","stack":"Error: ENOENT: no such file or directory, access './config.json'","errno":-2,"code":"ENOENT","syscall":"access","path":"./config.json","level":"warn","timestamp":"2017-03-04T22:28:35.588Z"}
{"message":"ENOENT: no such file or directory, access './config.json'","stack":"Error: ENOENT: no such file or directory, access './config.json'","errno":-2,"code":"ENOENT","syscall":"access","path":"./config.json","level":"warn","timestamp":"2017-03-04T22:28:38.126Z"}
{"message":"ENOENT: no such file or directory, access './config.json'","stack":"Error: ENOENT: no such file or directory, access './config.json'","errno":-2,"code":"ENOENT","syscall":"access","path":"./config.json","level":"warn","timestamp":"2017-03-04T22:28:38.128Z"}
{"level":"info","message":"The server is running at http://localhost:3000","timestamp":"2017-03-04T22:28:38.132Z"}
{"level":"info","message":"GET /","timestamp":"2017-03-04T22:28:40.747Z"}
{"message":"ENOENT: no such file or directory, access './config.json'","stack":"Error: ENOENT: no such file or directory, access './config.json'","errno":-2,"code":"ENOENT","syscall":"access","path":"./config.json","level":"warn","timestamp":"2017-03-04T22:29:43.931Z"}
{"message":"ENOENT: no such file or directory, access './config.json'","stack":"Error: ENOENT: no such file or directory, access './config.json'","errno":-2,"code":"ENOENT","syscall":"access","path":"./config.json","level":"warn","timestamp":"2017-03-04T22:29:43.935Z"}
{"message":"ENOENT: no such file or directory, access './config.json'","stack":"Error: ENOENT: no such file or directory, access './config.json'","errno":-2,"code":"ENOENT","syscall":"access","path":"./config.json","level":"warn","timestamp":"2017-03-04T22:29:46.794Z"}
{"message":"ENOENT: no such file or directory, access './config.json'","stack":"Error: ENOENT: no such file or directory, access './config.json'","errno":-2,"code":"ENOENT","syscall":"access","path":"./config.json","level":"warn","timestamp":"2017-03-04T22:29:46.797Z"}
{"level":"info","message":"The server is running at http://localhost:3000","timestamp":"2017-03-04T22:29:46.802Z"}
{"level":"info","message":"GET /","timestamp":"2017-03-04T22:29:54.149Z"}
{"message":"ENOENT: no such file or directory, access './config.json'","stack":"Error: ENOENT: no such file or directory, access './config.json'","errno":-2,"code":"ENOENT","syscall":"access","path":"./config.json","level":"warn","timestamp":"2017-03-04T22:31:18.298Z"}
{"message":"ENOENT: no such file or directory, access './config.json'","stack":"Error: ENOENT: no such file or directory, access './config.json'","errno":-2,"code":"ENOENT","syscall":"access","path":"./config.json","level":"warn","timestamp":"2017-03-04T22:31:18.301Z"}
{"message":"ENOENT: no such file or directory, access './config.json'","stack":"Error: ENOENT: no such file or directory, access './config.json'","errno":-2,"code":"ENOENT","syscall":"access","path":"./config.json","level":"warn","timestamp":"2017-03-04T22:31:20.781Z"}
{"message":"ENOENT: no such file or directory, access './config.json'","stack":"Error: ENOENT: no such file or directory, access './config.json'","errno":-2,"code":"ENOENT","syscall":"access","path":"./config.json","level":"warn","timestamp":"2017-03-04T22:31:20.783Z"}
{"level":"info","message":"The server is running at http://localhost:3000","timestamp":"2017-03-04T22:31:20.786Z"}
{"level":"info","message":"GET /","timestamp":"2017-03-04T22:31:23.251Z"}
{"message":"ENOENT: no such file or directory, access './config.json'","stack":"Error: ENOENT: no such file or directory, access './config.json'","errno":-2,"code":"ENOENT","syscall":"access","path":"./config.json","level":"warn","timestamp":"2017-03-04T22:32:11.476Z"}
{"message":"ENOENT: no such file or directory, access './config.json'","stack":"Error: ENOENT: no such file or directory, access './config.json'","errno":-2,"code":"ENOENT","syscall":"access","path":"./config.json","level":"warn","timestamp":"2017-03-04T22:32:11.485Z"}
{"message":"ENOENT: no such file or directory, access './config.json'","stack":"Error: ENOENT: no such file or directory, access './config.json'","errno":-2,"code":"ENOENT","syscall":"access","path":"./config.json","level":"warn","timestamp":"2017-03-04T22:32:14.248Z"}
{"message":"ENOENT: no such file or directory, access './config.json'","stack":"Error: ENOENT: no such file or directory, access './config.json'","errno":-2,"code":"ENOENT","syscall":"access","path":"./config.json","level":"warn","timestamp":"2017-03-04T22:32:14.250Z"}
{"level":"info","message":"The server is running at http://localhost:3000","timestamp":"2017-03-04T22:32:14.253Z"}
{"level":"info","message":"GET /","timestamp":"2017-03-04T22:32:20.657Z"}
{"message":"ENOENT: no such file or directory, access './config.json'","stack":"Error: ENOENT: no such file or directory, access './config.json'","errno":-2,"code":"ENOENT","syscall":"access","path":"./config.json","level":"warn","timestamp":"2017-03-04T22:50:41.814Z"}
{"message":"ENOENT: no such file or directory, access './config.json'","stack":"Error: ENOENT: no such file or directory, access './config.json'","errno":-2,"code":"ENOENT","syscall":"access","path":"./config.json","level":"warn","timestamp":"2017-03-04T22:50:41.816Z"}
{"message":"ENOENT: no such file or directory, access './config.json'","stack":"Error: ENOENT: no such file or directory, access './config.json'","errno":-2,"code":"ENOENT","syscall":"access","path":"./config.json","level":"warn","timestamp":"2017-03-04T22:50:50.946Z"}
{"message":"ENOENT: no such file or directory, access './config.json'","stack":"Error: ENOENT: no such file or directory, access './config.json'","errno":-2,"code":"ENOENT","syscall":"access","path":"./config.json","level":"warn","timestamp":"2017-03-04T22:50:50.948Z"}
{"level":"info","message":"The server is running at http://localhost:3000","timestamp":"2017-03-04T22:50:50.950Z"}
{"level":"info","message":"GET /","timestamp":"2017-03-04T22:50:51.173Z"}
{"level":"info","message":"GET /lol","timestamp":"2017-03-04T22:50:58.648Z"}
